2022-07-28 10:45:35,707 INFO     ---------------------------------------------------------------------------------------------
2022-07-28 10:45:35,707 INFO     Geo: cqd
2022-07-28 10:45:35,707 INFO     Data Path: data/FB15k-237-betae
2022-07-28 10:45:35,707 INFO     #entity: 14505
2022-07-28 10:45:35,708 INFO     #relation: 474
2022-07-28 10:45:35,708 INFO     #max steps: 150000
2022-07-28 10:45:35,708 INFO     Evaluate unoins using: DNF
2022-07-28 10:45:35,708 INFO     loading data
2022-07-28 10:46:49,629 INFO     Training info:
2022-07-28 10:46:49,633 INFO     3i: 149689
2022-07-28 10:46:50,582 INFO     Validation info:
2022-07-28 10:46:50,583 INFO     3i: 5000
2022-07-28 10:46:50,586 INFO     Test info:
2022-07-28 10:46:50,586 INFO     3i: 5000
posix.uname_result(sysname='Linux', nodename='webb.local', release='3.10.0-1160.49.1.el7.x86_64', version='#1 SMP Tue Nov 30 15:51:32 UTC 2021', machine='x86_64')
Traceback (most recent call last):
  File "main.py", line 632, in <module>
    main(parse_args())
  File "main.py", line 425, in main
    model = CQD(nentity,
  File "/home/shinaliu/KG/models/kg-reasoning-alpha/cqd/base.py", line 191, in __init__
    self.batch_entity_range = self.batch_entity_range.cuda()
RuntimeError: CUDA error: all CUDA-capable devices are busy or unavailable
CUDA kernel errors might be asynchronously reported at some other API call,so the stacktrace below might be incorrect.
For debugging consider passing CUDA_LAUNCH_BLOCKING=1.
