2022-07-15 14:09:32,946 INFO     ---------------------------------------------------------------------------------------------
2022-07-15 14:09:32,946 INFO     Geo: cqd
2022-07-15 14:09:32,946 INFO     Data Path: data/FB15k-237-betae
2022-07-15 14:09:32,946 INFO     #entity: 14505
2022-07-15 14:09:32,946 INFO     #relation: 474
2022-07-15 14:09:32,946 INFO     #max steps: 150000
2022-07-15 14:09:32,946 INFO     Evaluate unoins using: DNF
2022-07-15 14:09:32,946 INFO     loading data
2022-07-15 14:10:19,422 INFO     Training info:
2022-07-15 14:10:19,425 INFO     2p: 149689
2022-07-15 14:10:21,457 INFO     Validation info:
2022-07-15 14:10:21,457 INFO     2p: 5000
2022-07-15 14:10:21,459 INFO     Test info:
2022-07-15 14:10:21,459 INFO     2p: 5000
2022-07-15 14:10:24,316 INFO     Model Parameter Configuration:
2022-07-15 14:10:24,316 INFO     Parameter embeddings.0.weight: torch.Size([14505, 2000]), require_grad = False
2022-07-15 14:10:24,316 INFO     Parameter embeddings.1.weight: torch.Size([474, 2000]), require_grad = False
2022-07-15 14:10:24,316 INFO     Parameter score_transform_ent_fun.weight: torch.Size([2, 2000]), require_grad = True
2022-07-15 14:10:24,316 INFO     Parameter score_transform_ent_fun.bias: torch.Size([2]), require_grad = True
2022-07-15 14:10:24,316 INFO     Parameter Number: 4002
2022-07-15 14:10:24,361 INFO     Loading checkpoint models/fb15k-237-betae...
2022-07-15 14:10:24,530 INFO     tasks = 2p
2022-07-15 14:10:24,530 INFO     init_step = 99999
2022-07-15 14:10:24,530 INFO     Start Training...
2022-07-15 14:10:24,530 INFO     learning_rate = 0
2022-07-15 14:10:24,530 INFO     batch_size = 1024
2022-07-15 14:10:24,530 INFO     hidden_dim = 1000
2022-07-15 14:10:24,530 INFO     gamma = 12.000000
posix.uname_result(sysname='Linux', nodename='rowlf.local', release='3.10.0-1160.49.1.el7.x86_64', version='#1 SMP Tue Nov 30 15:51:32 UTC 2021', machine='x86_64')
Traceback (most recent call last):
  File "main.py", line 632, in <module>
    main(parse_args())
  File "main.py", line 537, in main
    log = KGReasoning.train_step(model, optimizer, train_path_iterator, args, step)
  File "/home/shinaliu/KG/models/kg-reasoning-alpha/models.py", line 674, in train_step
    model.forward(positive_sample=positive_sample,
  File "/home/shinaliu/KG/models/kg-reasoning-alpha/cqd/base.py", line 439, in forward
    scores = d2.query_2p(entity_embeddings=self.embeddings[0],
  File "/home/shinaliu/KG/models/kg-reasoning-alpha/cqd/discrete.py", line 103, in query_2p
    res = t_norm(atom1_scores_3d, atom2_scores_3d)
  File "/home/shinaliu/miniconda3/envs/kg/lib/python3.8/site-packages/torchnorms/tnorms/classic.py", line 39, in __call__
    return torch.relu(a + b - 1.0)
RuntimeError: CUDA out of memory. Tried to allocate 3.54 GiB (GPU 0; 15.90 GiB total capacity; 11.56 GiB already allocated; 3.53 GiB free; 11.57 GiB reserved in total by PyTorch) If reserved memory is >> allocated memory try setting max_split_size_mb to avoid fragmentation.  See documentation for Memory Management and PYTORCH_CUDA_ALLOC_CONF
