2022-08-08 18:59:53,058 INFO     ---------------------------------------------------------------------------------------------
2022-08-08 18:59:53,059 INFO     Geo: cqd
2022-08-08 18:59:53,059 INFO     Data Path: data/FB15k-237-betae
2022-08-08 18:59:53,059 INFO     #entity: 14505
2022-08-08 18:59:53,059 INFO     #relation: 474
2022-08-08 18:59:53,059 INFO     #max steps: 150000
2022-08-08 18:59:53,059 INFO     Evaluate unoins using: DNF
2022-08-08 18:59:53,059 INFO     loading data
2022-08-08 19:00:28,024 INFO     Training info:
2022-08-08 19:00:28,028 INFO     3p: 149689
2022-08-08 19:00:31,721 INFO     Validation info:
2022-08-08 19:00:31,722 INFO     3p: 5000
2022-08-08 19:00:31,723 INFO     Test info:
2022-08-08 19:00:31,723 INFO     3p: 5000
2022-08-08 19:00:35,147 INFO     Model Parameter Configuration:
2022-08-08 19:00:35,147 INFO     Parameter embeddings.0.weight: torch.Size([14505, 2000]), require_grad = True
2022-08-08 19:00:35,147 INFO     Parameter embeddings.1.weight: torch.Size([474, 2000]), require_grad = True
2022-08-08 19:00:35,147 INFO     Parameter score_transform_fun.weight: torch.Size([2, 2000]), require_grad = True
2022-08-08 19:00:35,147 INFO     Parameter score_transform_fun.bias: torch.Size([2]), require_grad = True
2022-08-08 19:00:35,147 INFO     Parameter Number: 29962002
2022-08-08 19:00:35,170 INFO     Loading checkpoint models/fb15k-237-betae...
2022-08-08 19:00:35,355 INFO     tasks = 3p
2022-08-08 19:00:35,355 INFO     init_step = 99999
2022-08-08 19:00:35,355 INFO     Start Training...
2022-08-08 19:00:35,355 INFO     learning_rate = 0
2022-08-08 19:00:35,355 INFO     batch_size = 1024
2022-08-08 19:00:35,355 INFO     hidden_dim = 1000
2022-08-08 19:00:35,355 INFO     gamma = 12.000000
posix.uname_result(sysname='Linux', nodename='sweetums-609-2.local', release='3.10.0-1160.49.1.el7.x86_64', version='#1 SMP Tue Nov 30 15:51:32 UTC 2021', machine='x86_64')
Traceback (most recent call last):
  File "main.py", line 632, in <module>
    main(parse_args())
  File "main.py", line 537, in main
    log = KGReasoning.train_step(model, optimizer, train_path_iterator, args, step)
  File "/home/shinaliu/KG/models/kg-reasoning-alpha/models.py", line 674, in train_step
    model.forward(positive_sample=positive_sample,
  File "/home/shinaliu/KG/models/kg-reasoning-alpha/cqd/base.py", line 445, in forward
    scores = d2.query_3p(entity_embeddings=self.embeddings[0],
  File "/home/shinaliu/KG/models/kg-reasoning-alpha/cqd/discrete.py", line 138, in query_3p
    atom2_k_scores_2d, x2_k_emb_3d = score_candidates(s_emb=x1_k_emb_2d, p_emb=p2_emb,
  File "/home/shinaliu/KG/models/kg-reasoning-alpha/cqd/discrete.py", line 33, in score_candidates
    atom_scores_2d = scoring_function(s_emb, p_emb, candidates_emb)
  File "/home/shinaliu/KG/models/kg-reasoning-alpha/cqd/base.py", line 586, in scoring_function
    res, _ = self.score_o(lhs_, rel_, rhs_)
  File "/home/shinaliu/KG/models/kg-reasoning-alpha/cqd/base.py", line 249, in score_o
    score_1 = (lhs[0] * rel[0] - lhs[1] * rel[1]) @ rhs[0].transpose(-1, -2)
RuntimeError: CUDA out of memory. Tried to allocate 7.08 GiB (GPU 0; 10.76 GiB total capacity; 3.14 GiB already allocated; 6.57 GiB free; 3.18 GiB reserved in total by PyTorch) If reserved memory is >> allocated memory try setting max_split_size_mb to avoid fragmentation.  See documentation for Memory Management and PYTORCH_CUDA_ALLOC_CONF
