2022-07-29 00:56:08,179 INFO     ---------------------------------------------------------------------------------------------
2022-07-29 00:56:08,179 INFO     Geo: cqd
2022-07-29 00:56:08,179 INFO     Data Path: data/FB15k-237-betae
2022-07-29 00:56:08,179 INFO     #entity: 14505
2022-07-29 00:56:08,179 INFO     #relation: 474
2022-07-29 00:56:08,179 INFO     #max steps: 150000
2022-07-29 00:56:08,179 INFO     Evaluate unoins using: DNF
2022-07-29 00:56:08,179 INFO     loading data
2022-07-29 00:57:04,443 INFO     Training info:
2022-07-29 00:57:04,450 INFO     2p: 149689
2022-07-29 00:57:07,523 INFO     Validation info:
2022-07-29 00:57:07,524 INFO     2p: 5000
2022-07-29 00:57:07,526 INFO     Test info:
2022-07-29 00:57:07,526 INFO     2p: 5000
2022-07-29 00:57:13,709 INFO     Model Parameter Configuration:
2022-07-29 00:57:13,709 INFO     Parameter embeddings.0.weight: torch.Size([14505, 2000]), require_grad = True
2022-07-29 00:57:13,709 INFO     Parameter embeddings.1.weight: torch.Size([474, 2000]), require_grad = True
2022-07-29 00:57:13,709 INFO     Parameter Number: 29958000
2022-07-29 00:57:13,839 INFO     Loading checkpoint models/fb15k-237-betae...
2022-07-29 00:57:14,096 INFO     tasks = 2p
2022-07-29 00:57:14,096 INFO     init_step = 99999
2022-07-29 00:57:14,096 INFO     Start Training...
2022-07-29 00:57:14,096 INFO     learning_rate = 0
2022-07-29 00:57:14,096 INFO     batch_size = 1024
2022-07-29 00:57:14,097 INFO     hidden_dim = 1000
2022-07-29 00:57:14,097 INFO     gamma = 12.000000
posix.uname_result(sysname='Linux', nodename='sweetums-609-2.local', release='3.10.0-1160.49.1.el7.x86_64', version='#1 SMP Tue Nov 30 15:51:32 UTC 2021', machine='x86_64')
Traceback (most recent call last):
  File "main.py", line 632, in <module>
    main(parse_args())
  File "main.py", line 537, in main
    log = KGReasoning.train_step(model, optimizer, train_path_iterator, args, step)
  File "/home/shinaliu/KG/models/kg-reasoning-alpha/models.py", line 674, in train_step
    model.forward(positive_sample=positive_sample,
  File "/home/shinaliu/KG/models/kg-reasoning-alpha/cqd/base.py", line 439, in forward
    scores = d2.query_2p(entity_embeddings=self.embeddings[0],
  File "/home/shinaliu/KG/models/kg-reasoning-alpha/cqd/discrete.py", line 103, in query_2p
    res = t_norm(atom1_scores_3d, atom2_scores_3d)
  File "/home/shinaliu/miniconda3/envs/kg/lib/python3.8/site-packages/torchnorms/tnorms/classic.py", line 28, in __call__
    return a * b
RuntimeError: CUDA out of memory. Tried to allocate 1.77 GiB (GPU 0; 10.76 GiB total capacity; 8.44 GiB already allocated; 1.28 GiB free; 8.46 GiB reserved in total by PyTorch) If reserved memory is >> allocated memory try setting max_split_size_mb to avoid fragmentation.  See documentation for Memory Management and PYTORCH_CUDA_ALLOC_CONF
