2022-07-28 11:08:41,098 INFO     ---------------------------------------------------------------------------------------------
2022-07-28 11:08:41,098 INFO     Geo: cqd
2022-07-28 11:08:41,098 INFO     Data Path: data/FB15k-237-betae
2022-07-28 11:08:41,099 INFO     #entity: 14505
2022-07-28 11:08:41,099 INFO     #relation: 474
2022-07-28 11:08:41,099 INFO     #max steps: 150000
2022-07-28 11:08:41,099 INFO     Evaluate unoins using: DNF
2022-07-28 11:08:41,099 INFO     loading data
2022-07-28 11:09:27,744 INFO     Training info:
2022-07-28 11:09:27,748 INFO     2i: 149689
2022-07-28 11:09:28,464 INFO     Validation info:
2022-07-28 11:09:28,464 INFO     2i: 5000
2022-07-28 11:09:28,466 INFO     Test info:
2022-07-28 11:09:28,466 INFO     2i: 5000
2022-07-28 11:09:32,320 INFO     Model Parameter Configuration:
2022-07-28 11:09:32,320 INFO     Parameter embeddings.0.weight: torch.Size([14505, 2000]), require_grad = True
2022-07-28 11:09:32,320 INFO     Parameter embeddings.1.weight: torch.Size([474, 2000]), require_grad = True
2022-07-28 11:09:32,320 INFO     Parameter score_transform_ent_fun.weight: torch.Size([2, 2000]), require_grad = True
2022-07-28 11:09:32,321 INFO     Parameter score_transform_ent_fun.bias: torch.Size([2]), require_grad = True
2022-07-28 11:09:32,321 INFO     Parameter Number: 29962002
posix.uname_result(sysname='Linux', nodename='sweetums-609-7.local', release='3.10.0-1160.66.1.el7.x86_64', version='#1 SMP Wed May 18 16:02:34 UTC 2022', machine='x86_64')
Traceback (most recent call last):
  File "main.py", line 632, in <module>
    main(parse_args())
  File "main.py", line 486, in main
    model = model.cuda()
  File "/home/shinaliu/miniconda3/envs/kg/lib/python3.8/site-packages/torch/nn/modules/module.py", line 688, in cuda
    return self._apply(lambda t: t.cuda(device))
  File "/home/shinaliu/miniconda3/envs/kg/lib/python3.8/site-packages/torch/nn/modules/module.py", line 578, in _apply
    module._apply(fn)
  File "/home/shinaliu/miniconda3/envs/kg/lib/python3.8/site-packages/torch/nn/modules/module.py", line 578, in _apply
    module._apply(fn)
  File "/home/shinaliu/miniconda3/envs/kg/lib/python3.8/site-packages/torch/nn/modules/module.py", line 601, in _apply
    param_applied = fn(param)
  File "/home/shinaliu/miniconda3/envs/kg/lib/python3.8/site-packages/torch/nn/modules/module.py", line 688, in <lambda>
    return self._apply(lambda t: t.cuda(device))
RuntimeError: CUDA error: all CUDA-capable devices are busy or unavailable
CUDA kernel errors might be asynchronously reported at some other API call,so the stacktrace below might be incorrect.
For debugging consider passing CUDA_LAUNCH_BLOCKING=1.
