2022-07-28 10:49:37,066 INFO     ---------------------------------------------------------------------------------------------
2022-07-28 10:49:37,067 INFO     Geo: cqd
2022-07-28 10:49:37,067 INFO     Data Path: data/FB15k-237-betae
2022-07-28 10:49:37,067 INFO     #entity: 14505
2022-07-28 10:49:37,067 INFO     #relation: 474
2022-07-28 10:49:37,067 INFO     #max steps: 150000
2022-07-28 10:49:37,067 INFO     Evaluate unoins using: DNF
2022-07-28 10:49:37,067 INFO     loading data
2022-07-28 10:50:27,797 INFO     Training info:
2022-07-28 10:50:27,802 INFO     2p: 149689
2022-07-28 10:50:30,129 INFO     Validation info:
2022-07-28 10:50:30,129 INFO     2p: 5000
2022-07-28 10:50:30,131 INFO     Test info:
2022-07-28 10:50:30,131 INFO     2p: 5000
2022-07-28 10:50:33,111 INFO     Model Parameter Configuration:
2022-07-28 10:50:33,112 INFO     Parameter embeddings.0.weight: torch.Size([14505, 2000]), require_grad = False
2022-07-28 10:50:33,112 INFO     Parameter embeddings.1.weight: torch.Size([474, 2000]), require_grad = False
2022-07-28 10:50:33,112 INFO     Parameter score_transform_fun.weight: torch.Size([2, 2000]), require_grad = True
2022-07-28 10:50:33,112 INFO     Parameter score_transform_fun.bias: torch.Size([2]), require_grad = True
2022-07-28 10:50:33,112 INFO     Parameter score_transform_ent_fun.weight: torch.Size([2, 2000]), require_grad = True
2022-07-28 10:50:33,112 INFO     Parameter score_transform_ent_fun.bias: torch.Size([2]), require_grad = True
2022-07-28 10:50:33,112 INFO     Parameter Number: 8004
2022-07-28 10:50:35,186 INFO     Loading checkpoint models/fb15k-237-betae...
posix.uname_result(sysname='Linux', nodename='gonzo-605-16.local', release='3.10.0-1160.49.1.el7.x86_64', version='#1 SMP Tue Nov 30 15:51:32 UTC 2021', machine='x86_64')
Traceback (most recent call last):
  File "main.py", line 632, in <module>
    main(parse_args())
  File "main.py", line 500, in main
    checkpoint = torch.load(os.path.join(args.checkpoint_path, 'checkpoint'),
  File "/home/shinaliu/miniconda3/envs/kg/lib/python3.8/site-packages/torch/serialization.py", line 712, in load
    return _load(opened_zipfile, map_location, pickle_module, **pickle_load_args)
  File "/home/shinaliu/miniconda3/envs/kg/lib/python3.8/site-packages/torch/serialization.py", line 1046, in _load
    result = unpickler.load()
  File "/home/shinaliu/miniconda3/envs/kg/lib/python3.8/site-packages/torch/serialization.py", line 1016, in persistent_load
    load_tensor(dtype, nbytes, key, _maybe_decode_ascii(location))
  File "/home/shinaliu/miniconda3/envs/kg/lib/python3.8/site-packages/torch/serialization.py", line 1001, in load_tensor
    wrap_storage=restore_location(storage, location),
  File "/home/shinaliu/miniconda3/envs/kg/lib/python3.8/site-packages/torch/serialization.py", line 176, in default_restore_location
    result = fn(storage, location)
  File "/home/shinaliu/miniconda3/envs/kg/lib/python3.8/site-packages/torch/serialization.py", line 158, in _cuda_deserialize
    return obj.cuda(device)
  File "/home/shinaliu/miniconda3/envs/kg/lib/python3.8/site-packages/torch/_utils.py", line 79, in _cuda
    return new_type(self.size()).copy_(self, non_blocking)
RuntimeError: CUDA error: an illegal memory access was encountered
CUDA kernel errors might be asynchronously reported at some other API call,so the stacktrace below might be incorrect.
For debugging consider passing CUDA_LAUNCH_BLOCKING=1.
